# JRE version: OpenJDK Runtime Environment (11.0.17+8) (build 11.0.17+8-post-Ubuntu-1ubuntu222.04)
# Java VM: OpenJDK 64-Bit Server VM (11.0.17+8-post-Ubuntu-1ubuntu222.04, mixed mode, sharing, tiered, compressed oops, g1 gc, linux-amd64)
Heap:
 garbage-first heap   total 447488K, used 90068K [0x0000000707000000, 0x0000000800000000)
  region size 1024K, 22 young (22528K), 1 survivors (1024K)
 Metaspace       used 16393K, capacity 17011K, committed 17280K, reserved 1064960K
  class space    used 1880K, capacity 2166K, committed 2176K, reserved 1048576K
GC Heap History (20 events):
Event: 79744.850 GC heap before
{Heap before GC invocations=185648 (full 0):
 garbage-first heap   total 447488K, used 336852K [0x0000000707000000, 0x0000000800000000)
  region size 1024K, 262 young (268288K), 1 survivors (1024K)
 Metaspace       used 16393K, capacity 17011K, committed 17280K, reserved 1064960K
  class space    used 1880K, capacity 2166K, committed 2176K, reserved 1048576K
}
Event: 79744.855 GC heap after
{Heap after GC invocations=185649 (full 0):
 garbage-first heap   total 447488K, used 69589K [0x0000000707000000, 0x0000000800000000)
  region size 1024K, 1 young (1024K), 1 survivors (1024K)
 Metaspace       used 16393K, capacity 17011K, committed 17280K, reserved 1064960K
  class space    used 1880K, capacity 2166K, committed 2176K, reserved 1048576K
}
Event: 79746.643 GC heap before
{Heap before GC invocations=185649 (full 0):
 garbage-first heap   total 447488K, used 336853K [0x0000000707000000, 0x0000000800000000)
  region size 1024K, 262 young (268288K), 1 survivors (1024K)
 Metaspace       used 16393K, capacity 17011K, committed 17280K, reserved 1064960K
  class space    used 1880K, capacity 2166K, committed 2176K, reserved 1048576K
}
Event: 79746.644 GC heap after
{Heap after GC invocations=185650 (full 0):
 garbage-first heap   total 447488K, used 69589K [0x0000000707000000, 0x0000000800000000)
  region size 1024K, 1 young (1024K), 1 survivors (1024K)
 Metaspace       used 16393K, capacity 17011K, committed 17280K, reserved 1064960K
  class space    used 1880K, capacity 2166K, committed 2176K, reserved 1048576K
}
Event: 79748.354 GC heap before
{Heap before GC invocations=185650 (full 0):
 garbage-first heap   total 447488K, used 336853K [0x0000000707000000, 0x0000000800000000)
  region size 1024K, 262 young (268288K), 1 survivors (1024K)
 Metaspace       used 16393K, capacity 17011K, committed 17280K, reserved 1064960K
  class space    used 1880K, capacity 2166K, committed 2176K, reserved 1048576K
}
Event: 79748.356 GC heap after
{Heap after GC invocations=185651 (full 0):
 garbage-first heap   total 447488K, used 69590K [0x0000000707000000, 0x0000000800000000)
  region size 1024K, 1 young (1024K), 1 survivors (1024K)
 Metaspace       used 16393K, capacity 17011K, committed 17280K, reserved 1064960K
  class space    used 1880K, capacity 2166K, committed 2176K, reserved 1048576K
}
Event: 79750.079 GC heap before
{Heap before GC invocations=185651 (full 0):
 garbage-first heap   total 447488K, used 336854K [0x0000000707000000, 0x0000000800000000)
  region size 1024K, 262 young (268288K), 1 survivors (1024K)
 Metaspace       used 16393K, capacity 17011K, committed 17280K, reserved 1064960K
  class space    used 1880K, capacity 2166K, committed 2176K, reserved 1048576K
}
Event: 79750.080 GC heap after
{Heap after GC invocations=185652 (full 0):
 garbage-first heap   total 447488K, used 69648K [0x0000000707000000, 0x0000000800000000)
  region size 1024K, 1 young (1024K), 1 survivors (1024K)
 Metaspace       used 16393K, capacity 17011K, committed 17280K, reserved 1064960K
  class space    used 1880K, capacity 2166K, committed 2176K, reserved 1048576K
}
Event: 79751.852 GC heap before
{Heap before GC invocations=185652 (full 0):
 garbage-first heap   total 447488K, used 336912K [0x0000000707000000, 0x0000000800000000)
  region size 1024K, 262 young (268288K), 1 survivors (1024K)
 Metaspace       used 16393K, capacity 17011K, committed 17280K, reserved 1064960K
  class space    used 1880K, capacity 2166K, committed 2176K, reserved 1048576K
}
Event: 79751.853 GC heap after
{Heap after GC invocations=185653 (full 0):
 garbage-first heap   total 447488K, used 69590K [0x0000000707000000, 0x0000000800000000)
  region size 1024K, 1 young (1024K), 1 survivors (1024K)
 Metaspace       used 16393K, capacity 17011K, committed 17280K, reserved 1064960K
  class space    used 1880K, capacity 2166K, committed 2176K, reserved 1048576K
}
Event: 79753.559 GC heap before
{Heap before GC invocations=185653 (full 0):
 garbage-first heap   total 447488K, used 336854K [0x0000000707000000, 0x0000000800000000)
  region size 1024K, 262 young (268288K), 1 survivors (1024K)
 Metaspace       used 16393K, capacity 17011K, committed 17280K, reserved 1064960K
  class space    used 1880K, capacity 2166K, committed 2176K, reserved 1048576K
}
Event: 79753.562 GC heap after
{Heap after GC invocations=185654 (full 0):
 garbage-first heap   total 447488K, used 69590K [0x0000000707000000, 0x0000000800000000)
  region size 1024K, 1 young (1024K), 1 survivors (1024K)
 Metaspace       used 16393K, capacity 17011K, committed 17280K, reserved 1064960K
  class space    used 1880K, capacity 2166K, committed 2176K, reserved 1048576K
}
Event: 79755.256 GC heap before
{Heap before GC invocations=185654 (full 0):
 garbage-first heap   total 447488K, used 336854K [0x0000000707000000, 0x0000000800000000)
  region size 1024K, 262 young (268288K), 1 survivors (1024K)
 Metaspace       used 16393K, capacity 17011K, committed 17280K, reserved 1064960K
  class space    used 1880K, capacity 2166K, committed 2176K, reserved 1048576K
}
Event: 79755.257 GC heap after
{Heap after GC invocations=185655 (full 0):
 garbage-first heap   total 447488K, used 69590K [0x0000000707000000, 0x0000000800000000)
  region size 1024K, 1 young (1024K), 1 survivors (1024K)
 Metaspace       used 16393K, capacity 17011K, committed 17280K, reserved 1064960K
  class space    used 1880K, capacity 2166K, committed 2176K, reserved 1048576K
}
Event: 79756.961 GC heap before
{Heap before GC invocations=185655 (full 0):
 garbage-first heap   total 447488K, used 336854K [0x0000000707000000, 0x0000000800000000)
  region size 1024K, 262 young (268288K), 1 survivors (1024K)
 Metaspace       used 16393K, capacity 17011K, committed 17280K, reserved 1064960K
  class space    used 1880K, capacity 2166K, committed 2176K, reserved 1048576K
}
Event: 79756.963 GC heap after
{Heap after GC invocations=185656 (full 0):
 garbage-first heap   total 447488K, used 69588K [0x0000000707000000, 0x0000000800000000)
  region size 1024K, 1 young (1024K), 1 survivors (1024K)
 Metaspace       used 16393K, capacity 17011K, committed 17280K, reserved 1064960K
  class space    used 1880K, capacity 2166K, committed 2176K, reserved 1048576K
}
Event: 79758.625 GC heap before
{Heap before GC invocations=185656 (full 0):
 garbage-first heap   total 447488K, used 336852K [0x0000000707000000, 0x0000000800000000)
  region size 1024K, 262 young (268288K), 1 survivors (1024K)
 Metaspace       used 16393K, capacity 17011K, committed 17280K, reserved 1064960K
  class space    used 1880K, capacity 2166K, committed 2176K, reserved 1048576K
}
Event: 79758.627 GC heap after
{Heap after GC invocations=185657 (full 0):
 garbage-first heap   total 447488K, used 69647K [0x0000000707000000, 0x0000000800000000)
  region size 1024K, 1 young (1024K), 1 survivors (1024K)
 Metaspace       used 16393K, capacity 17011K, committed 17280K, reserved 1064960K
  class space    used 1880K, capacity 2166K, committed 2176K, reserved 1048576K
}
Event: 79760.274 GC heap before
{Heap before GC invocations=185657 (full 0):
 garbage-first heap   total 447488K, used 336911K [0x0000000707000000, 0x0000000800000000)
  region size 1024K, 262 young (268288K), 1 survivors (1024K)
 Metaspace       used 16393K, capacity 17011K, committed 17280K, reserved 1064960K
  class space    used 1880K, capacity 2166K, committed 2176K, reserved 1048576K
}
Event: 79760.275 GC heap after
{Heap after GC invocations=185658 (full 0):
 garbage-first heap   total 447488K, used 69588K [0x0000000707000000, 0x0000000800000000)
  region size 1024K, 1 young (1024K), 1 survivors (1024K)
 Metaspace       used 16393K, capacity 17011K, committed 17280K, reserved 1064960K
  class space    used 1880K, capacity 2166K, committed 2176K, reserved 1048576K
}

